[2m2025-01-11T08:24:00.517695Z[0m [31mERROR[0m [2mglazewm::common::commands::shell_exec[0m[2m:[0m [3merr_message[0m[2m=[0m"Failed to execute 'zebar'.\n\nError: The operation was canceled by the user. (0x800704C7)"
[2m2025-01-11T08:26:04.361170Z[0m [31mERROR[0m [2mglazewm[0m[2m:[0m Another instance of the application is already running.
[2m2025-01-11T10:37:11.439211Z[0m [31mERROR[0m [2mglazewm[0m[2m:[0m Another instance of the application is already running.
[2m2025-01-13T03:36:28.468880Z[0m [31mERROR[0m [2mglazewm[0m[2m:[0m Another instance of the application is already running.
[2m2025-01-15T06:51:43.279528Z[0m [31mERROR[0m [2mglazewm[0m[2m:[0m Another instance of the application is already running.
[2m2025-01-15T18:50:17.280729Z[0m [31mERROR[0m [2mglazewm[0m[2m:[0m channel closed
[2m2025-01-16T03:58:54.631998Z[0m [31mERROR[0m [2mglazewm[0m[2m:[0m channel closed
[2m2025-01-16T03:58:56.009020Z[0m [31mERROR[0m [2mglazewm[0m[2m:[0m channel closed
[2m2025-01-19T09:05:12.116598Z[0m [31mERROR[0m [2mglazewm[0m[2m:[0m Another instance of the application is already running.
[2m2025-01-29T03:53:08.705553Z[0m [31mERROR[0m [2mglazewm[0m[2m:[0m Another instance of the application is already running.
[2m2025-02-09T19:10:30.911134Z[0m [31mERROR[0m [2mglazewm[0m[2m:[0m channel closed
[2m2025-02-09T19:12:00.053428Z[0m [31mERROR[0m [2mglazewm[0m[2m:[0m channel closed
[2m2025-02-24T07:36:15.431933Z[0m [31mERROR[0m [2mglazewm[0m[2m:[0m Another instance of the application is already running.
[2m2025-03-08T09:58:03.212650Z[0m [31mERROR[0m [2mglazewm[0m[2m:[0m Another instance of the application is already running.
[2m2025-03-23T09:45:59.297471Z[0m [31mERROR[0m [2mglazewm[0m[2m:[0m channel closed
[2m2025-03-23T09:46:09.667903Z[0m [31mERROR[0m [2mglazewm[0m[2m:[0m channel closed
[2m2025-03-23T09:46:11.446283Z[0m [31mERROR[0m [2mglazewm[0m[2m:[0m channel closed
[2m2025-06-16T04:03:00.607495Z[0m [31mERROR[0m [2mglazewm[0m[2m:[0m Another instance of the application is already running.
[2m2025-06-17T02:27:37.490315Z[0m [31mERROR[0m [2mglazewm[0m[2m:[0m Another instance of the application is already running.
[2m2025-06-21T18:44:55.182119Z[0m [31mERROR[0m [2mglazewm[0m[2m:[0m channel closed
[2m2025-06-27T04:07:20.869084Z[0m [31mERROR[0m [2mglazewm[0m[2m:[0m Another instance of the application is already running.
[2m2025-07-14T03:49:26.625140Z[0m [31mERROR[0m [2mglazewm[0m[2m:[0m channel closed
[2m2025-07-14T03:49:38.215113Z[0m [31mERROR[0m [2mglazewm[0m[2m:[0m channel closed
[2m2025-07-14T03:49:40.596715Z[0m [31mERROR[0m [2mglazewm[0m[2m:[0m channel closed
[2m2025-07-16T04:06:21.316752Z[0m [31mERROR[0m [2mglazewm[0m[2m:[0m channel closed
[2m2025-07-16T04:08:47.516522Z[0m [31mERROR[0m [2mglazewm[0m[2m:[0m channel closed
[2m2025-07-28T14:30:52.823073Z[0m [31mERROR[0m [2mglazewm[0m[2m:[0m channel closed
[2m2025-07-29T04:44:36.212334Z[0m [31mERROR[0m [2mglazewm[0m[2m:[0m channel closed
[2m2025-07-29T04:44:39.543481Z[0m [31mERROR[0m [2mglazewm[0m[2m:[0m channel closed
[2m2025-07-29T04:44:40.690987Z[0m [31mERROR[0m [2mglazewm[0m[2m:[0m channel closed
[2m2025-07-29T04:44:40.958072Z[0m [31mERROR[0m [2mglazewm[0m[2m:[0m channel closed
[2m2025-08-08T06:36:44.058966Z[0m [31mERROR[0m [2mglazewm[0m[2m:[0m Another instance of the application is already running.
[2m2025-09-05T07:03:34.742485Z[0m [31mERROR[0m [2mglazewm[0m[2m:[0m Another instance of the application is already running.
[2m2025-09-29T05:09:03.440943Z[0m [31mERROR[0m [2mglazewm[0m[2m:[0m Another instance of the application is already running.
[2m2025-10-08T04:56:28.938711Z[0m [31mERROR[0m [2mglazewm[0m[2m:[0m keybindings[58].commands: invalid value for one of the arguments
 at line 329 column 15
[2m2025-10-08T04:57:10.411286Z[0m [31mERROR[0m [2mglazewm[0m[2m:[0m keybindings[58].commands: invalid value for one of the arguments
 at line 329 column 15
[2m2025-10-08T04:57:19.830235Z[0m [31mERROR[0m [2mglazewm[0m[2m:[0m keybindings[58].commands: invalid value for one of the arguments
 at line 329 column 15
[2m2025-10-08T04:58:25.576873Z[0m [31mERROR[0m [2mglazewm[0m[2m:[0m keybindings[58].commands: invalid value for one of the arguments
 at line 329 column 15
[2m2025-10-08T04:59:38.708666Z[0m [31mERROR[0m [2mglazewm[0m[2m:[0m keybindings[58].commands: invalid value for one of the arguments
 at line 329 column 15
[2m2025-10-08T09:33:39.246576Z[0m [31mERROR[0m [2mglazewm[0m[2m:[0m keybindings[54].commands: invalid value for one of the arguments
 at line 329 column 15
[2m2025-10-08T09:34:58.836677Z[0m [31mERROR[0m [2mglazewm[0m[2m:[0m keybindings[54].commands: invalid value for one of the arguments
 at line 337 column 15
[2m2025-10-10T12:35:32.974143Z[0m [31mERROR[0m [2mglazewm[0m[2m:[0m Another instance of the application is already running.
[2m2025-10-10T12:36:04.045302Z[0m [31mERROR[0m [2mglazewm[0m[2m:[0m Another instance of the application is already running.
[2m2025-10-10T12:36:16.563859Z[0m [31mERROR[0m [2mglazewm[0m[2m:[0m keybindings[54].commands: invalid value for one of the arguments
 at line 337 column 15
[2m2025-10-10T12:36:25.192560Z[0m [31mERROR[0m [2mglazewm[0m[2m:[0m keybindings[54].commands: invalid value for one of the arguments
 at line 337 column 15
[2m2025-10-10T12:36:38.856913Z[0m [31mERROR[0m [2mglazewm[0m[2m:[0m keybindings[54].commands: invalid value for one of the arguments
 at line 337 column 15
[2m2025-10-13T04:47:39.567284Z[0m [31mERROR[0m [2mglazewm[0m[2m:[0m keybindings[54].commands: invalid value for one of the arguments
 at line 337 column 15
[2m2025-10-13T04:50:53.713304Z[0m [31mERROR[0m [2mglazewm[0m[2m:[0m keybindings[54].commands: invalid value for one of the arguments
 at line 337 column 15
[2m2025-10-13T04:51:15.616625Z[0m [31mERROR[0m [2mglazewm[0m[2m:[0m keybindings[54].commands: invalid value for one of the arguments
 at line 337 column 15
[2m2025-10-17T05:32:23.810423Z[0m [31mERROR[0m [2mglazewm[0m[2m:[0m Another instance of the application is already running.
[2m2025-10-22T04:33:37.656445Z[0m [31mERROR[0m [2mglazewm[0m[2m:[0m Access is denied. (0x80070005)
